<?xml version="1.0" encoding="UTF-8"?>
<!-- Generated by org.testng.reporters.JUnitReportReporter -->
<testsuite hostname="DESKTOP-IG5V1RQ" failures="0" tests="2" name="MainCodenBoxAutomationLab" time="1.458" errors="0" timestamp="2024-11-06T12:56:35 EET" skipped="0">
  <testcase classname="MainCodenBoxAutomationLab" name="radioButton" time="0.152"/>
  <system-out/>
  <testcase classname="MainCodenBoxAutomationLab" name="dynamicDropdown" time="1.306"/>
  <system-out/>
</testsuite> <!-- MainCodenBoxAutomationLab -->
