<?xml version="1.0" encoding="UTF-8"?>
<!-- Generated by org.testng.reporters.JUnitReportReporter -->
<testsuite hostname="DESKTOP-IG5V1RQ" failures="0" tests="11" name="MainCodenBoxAutomationLab" time="0.023" errors="0" timestamp="2024-11-10T13:09:18 EET" skipped="10">
  <testcase classname="MainCodenBoxAutomationLab" name="mouseHover" time="0.023"/>
  <system-out/>
  <testcase classname="MainCodenBoxAutomationLab" name="radioButton">
    <skipped/>
  </testcase> <!-- radioButton -->
  <system-out/>
  <testcase classname="MainCodenBoxAutomationLab" name="select">
    <skipped/>
  </testcase> <!-- select -->
  <system-out/>
  <testcase classname="MainCodenBoxAutomationLab" name="switchOpenTab">
    <skipped/>
  </testcase> <!-- switchOpenTab -->
  <system-out/>
  <testcase classname="MainCodenBoxAutomationLab" name="isEnabled">
    <skipped/>
  </testcase> <!-- isEnabled -->
  <system-out/>
  <testcase classname="MainCodenBoxAutomationLab" name="dynamicDropdown">
    <skipped/>
  </testcase> <!-- dynamicDropdown -->
  <system-out/>
  <testcase classname="MainCodenBoxAutomationLab" name="getDataFromTable">
    <skipped/>
  </testcase> <!-- getDataFromTable -->
  <system-out/>
  <testcase classname="MainCodenBoxAutomationLab" name="checkBoxs">
    <skipped/>
  </testcase> <!-- checkBoxs -->
  <system-out/>
  <testcase classname="MainCodenBoxAutomationLab" name="switchAlert">
    <skipped/>
  </testcase> <!-- switchAlert -->
  <system-out/>
  <testcase classname="MainCodenBoxAutomationLab" name="switchWindow">
    <skipped/>
  </testcase> <!-- switchWindow -->
  <system-out/>
  <testcase classname="MainCodenBoxAutomationLab" name="isDisplayed">
    <skipped/>
  </testcase> <!-- isDisplayed -->
  <system-out/>
</testsuite> <!-- MainCodenBoxAutomationLab -->
